Base path: /Applications/Unity/2018.1.0f2/Unity.app/Contents
Cmd: initializeCompiler
Cmd: preprocess
  insize=9278 outsize=2053 ok=1
Cmd: preprocess
  insize=15609 outsize=1313 ok=1
Cmd: preprocess
  insize=11359 outsize=706 ok=1
Cmd: preprocess
  insize=3530 outsize=4387 ok=1
Cmd: preprocess
  insize=1292 outsize=478 ok=1
Cmd: preprocess
  insize=8733 outsize=728 ok=1
Cmd: preprocess
  insize=1768 outsize=404 ok=1
Cmd: preprocess
  insize=1002 outsize=406 ok=1
Cmd: preprocess
  insize=1089 outsize=367 ok=1
Cmd: preprocess
  insize=1989 outsize=454 ok=1
Cmd: preprocess
  insize=1374 outsize=463 ok=1
Cmd: preprocess
  error: 1 plat 21 at (38): Both vertex and fragment programs must be present in a shader snippet. Excluding it from compilation.
  insize=3364 outsize=2447 ok=1
Cmd: preprocess
  insize=11375 outsize=4452 ok=1
Cmd: compileSnippet
  error: 2 plat 14 at (141): 'ballimproved_v': input parameter 'v' missing semantics\nCompiling Vertex program
Platform defines: UNITY_ENABLE_REFLECTION_BUFFERS UNITY_USE_DITHER_MASK_FOR_ALPHABLENDED_SHADOWS UNITY_PBS_USE_BRDF1 UNITY_SPECCUBE_BOX_PROJECTION UNITY_SPECCUBE_BLENDING UNITY_ENABLE_DETAIL_NORMALMAP SHADER_API_DESKTOP UNITY_COLORSPACE_GAMMA UNITY_LIGHT_PROBE_PROXY_VOLUME UNITY_LIGHTMAP_RGBM_ENCODING
  api=14 type=0 insize=7366 outsize=0 kw= pd=UNITY_ENABLE_REFLECTION_BUFFERS UNITY_USE_DITHER_MASK_FOR_ALPHABLENDED_SHADOWS UNITY_PBS_USE_BRDF1 UNITY_SPECCUBE_BOX_PROJECTION UNITY_SPECCUBE_BLENDING UNITY_ENABLE_DETAIL_NORMALMAP SHADER_API_DESKTOP UNITY_COLORSPACE_GAMMA UNITY_LIGHT_PROBE_PROXY_VOLUME UNITY_LIGHTMAP_RGBM_ENCODING ok=0
Cmd: preprocess
  insize=3645 outsize=699 ok=1
Cmd: preprocess
  insize=3791 outsize=3791 ok=1
Cmd: preprocess
  insize=1587 outsize=993 ok=1
Cmd: preprocess
  insize=4013 outsize=4013 ok=1
Cmd: preprocess
  insize=1266 outsize=348 ok=1
Cmd: preprocess
  insize=1318 outsize=461 ok=1
Cmd: preprocess
  insize=6632 outsize=721 ok=1
Cmd: preprocess
  insize=748 outsize=748 ok=1
Cmd: preprocess
  insize=1256 outsize=366 ok=1
Cmd: preprocess
  insize=2718 outsize=729 ok=1
Cmd: preprocess
  insize=1051 outsize=357 ok=1
Cmd: preprocess
  insize=1287 outsize=308 ok=1
Cmd: preprocess
  insize=1460 outsize=435 ok=1
Cmd: preprocess
  insize=1420 outsize=314 ok=1
Cmd: preprocess
  insize=1792 outsize=780 ok=1
Cmd: preprocess
  insize=10742 outsize=4743 ok=1
Cmd: compileSnippet
  error: 2 plat 14 at (179): undeclared identifier 'fract'\nCompiling Vertex program
Platform defines: UNITY_ENABLE_REFLECTION_BUFFERS UNITY_USE_DITHER_MASK_FOR_ALPHABLENDED_SHADOWS UNITY_PBS_USE_BRDF1 UNITY_SPECCUBE_BOX_PROJECTION UNITY_SPECCUBE_BLENDING UNITY_ENABLE_DETAIL_NORMALMAP SHADER_API_DESKTOP UNITY_COLORSPACE_GAMMA UNITY_LIGHT_PROBE_PROXY_VOLUME UNITY_LIGHTMAP_RGBM_ENCODING
  api=14 type=0 insize=6442 outsize=0 kw= pd=UNITY_ENABLE_REFLECTION_BUFFERS UNITY_USE_DITHER_MASK_FOR_ALPHABLENDED_SHADOWS UNITY_PBS_USE_BRDF1 UNITY_SPECCUBE_BOX_PROJECTION UNITY_SPECCUBE_BLENDING UNITY_ENABLE_DETAIL_NORMALMAP SHADER_API_DESKTOP UNITY_COLORSPACE_GAMMA UNITY_LIGHT_PROBE_PROXY_VOLUME UNITY_LIGHTMAP_RGBM_ENCODING ok=0
Cmd: preprocess
  insize=1486 outsize=398 ok=1
Cmd: preprocess
  insize=1351 outsize=381 ok=1
Cmd: preprocess
  insize=2389 outsize=696 ok=1
Cmd: preprocess
  insize=1048 outsize=323 ok=1
Cmd: preprocess
  insize=1696 outsize=1027 ok=1
Cmd: preprocess
  insize=790 outsize=288 ok=1
Cmd: preprocess
  insize=13396 outsize=1094 ok=1
Cmd: preprocess
  insize=32719 outsize=325 ok=1
Cmd: preprocess
  insize=1299 outsize=311 ok=1
Cmd: preprocess
  insize=3684 outsize=660 ok=1
Cmd: preprocess
  insize=1083 outsize=301 ok=1
Cmd: preprocess
  insize=4766 outsize=4681 ok=1
Cmd: preprocess
  insize=5439 outsize=1532 ok=1
Cmd: preprocess
  insize=6647 outsize=3836 ok=1
Cmd: compileSnippet
  error: 2 plat 14 at (132): 'tempcolor': local variables cannot have semantics\nCompiling Vertex program
Platform defines: UNITY_ENABLE_REFLECTION_BUFFERS UNITY_USE_DITHER_MASK_FOR_ALPHABLENDED_SHADOWS UNITY_PBS_USE_BRDF1 UNITY_SPECCUBE_BOX_PROJECTION UNITY_SPECCUBE_BLENDING UNITY_ENABLE_DETAIL_NORMALMAP SHADER_API_DESKTOP UNITY_COLORSPACE_GAMMA UNITY_LIGHT_PROBE_PROXY_VOLUME UNITY_LIGHTMAP_RGBM_ENCODING
  api=14 type=0 insize=3254 outsize=0 kw= pd=UNITY_ENABLE_REFLECTION_BUFFERS UNITY_USE_DITHER_MASK_FOR_ALPHABLENDED_SHADOWS UNITY_PBS_USE_BRDF1 UNITY_SPECCUBE_BOX_PROJECTION UNITY_SPECCUBE_BLENDING UNITY_ENABLE_DETAIL_NORMALMAP SHADER_API_DESKTOP UNITY_COLORSPACE_GAMMA UNITY_LIGHT_PROBE_PROXY_VOLUME UNITY_LIGHTMAP_RGBM_ENCODING ok=0
Cmd: preprocess
  insize=4378 outsize=3351 ok=1
Cmd: preprocess
  insize=11503 outsize=1778 ok=1
Cmd: preprocess
  insize=1121 outsize=410 ok=1
Cmd: preprocess
  insize=4867 outsize=4039 ok=1
Cmd: preprocess
  insize=6372 outsize=677 ok=1
Cmd: preprocess
  insize=2915 outsize=706 ok=1
Cmd: preprocess
  insize=8273 outsize=932 ok=1
Cmd: preprocess
  insize=1060 outsize=490 ok=1
Cmd: preprocess
  insize=13894 outsize=2325 ok=1
Cmd: preprocess
  insize=3936 outsize=3303 ok=1
Cmd: preprocess
  insize=2033 outsize=510 ok=1
Cmd: preprocess
  insize=505 outsize=505 ok=1
Cmd: preprocess
  insize=2092 outsize=1302 ok=1
Cmd: preprocess
  insize=3641 outsize=3641 ok=1
Cmd: preprocess
  insize=1775 outsize=354 ok=1
Cmd: preprocess
  insize=27352 outsize=4044 ok=1
Cmd: preprocess
  insize=4189 outsize=541 ok=1
Cmd: preprocess
  insize=9044 outsize=5586 ok=1
Cmd: compileSnippet
  error: 2 plat 14 at (142): 'tex2Dproj': no matching 2 parameter intrinsic function; Possible intrinsic functions are: tex2Dproj(sampler2D, float4|half4|min10float4|min16float4)\nCompiling Vertex program with WATER_REFRACTIVE
Platform defines: UNITY_ENABLE_REFLECTION_BUFFERS UNITY_USE_DITHER_MASK_FOR_ALPHABLENDED_SHADOWS UNITY_PBS_USE_BRDF1 UNITY_SPECCUBE_BOX_PROJECTION UNITY_SPECCUBE_BLENDING UNITY_ENABLE_DETAIL_NORMALMAP SHADER_API_DESKTOP UNITY_COLORSPACE_GAMMA UNITY_LIGHT_PROBE_PROXY_VOLUME UNITY_LIGHTMAP_RGBM_ENCODING
  api=14 type=0 insize=3901 outsize=0 kw=WATER_REFRACTIVE pd=UNITY_ENABLE_REFLECTION_BUFFERS UNITY_USE_DITHER_MASK_FOR_ALPHABLENDED_SHADOWS UNITY_PBS_USE_BRDF1 UNITY_SPECCUBE_BOX_PROJECTION UNITY_SPECCUBE_BLENDING UNITY_ENABLE_DETAIL_NORMALMAP SHADER_API_DESKTOP UNITY_COLORSPACE_GAMMA UNITY_LIGHT_PROBE_PROXY_VOLUME UNITY_LIGHTMAP_RGBM_ENCODING ok=0
Cmd: preprocess
  insize=2357 outsize=1244 ok=1
Cmd: preprocess
  insize=1820 outsize=349 ok=1
Cmd: preprocess
  insize=1109 outsize=403 ok=1
Cmd: preprocess
  insize=1206 outsize=477 ok=1
Cmd: preprocess
  insize=738 outsize=235 ok=1
Cmd: preprocess
  insize=5919 outsize=797 ok=1
Cmd: preprocess
  insize=5713 outsize=683 ok=1
Cmd: preprocess
  insize=839 outsize=836 ok=1
Cmd: preprocess
  insize=1288 outsize=439 ok=1
Cmd: preprocess
  insize=586 outsize=328 ok=1
Cmd: preprocess
  insize=32729 outsize=325 ok=1
Cmd: preprocess
  insize=1808 outsize=1059 ok=1
Cmd: preprocess
  insize=5232 outsize=1792 ok=1
Cmd: preprocess
  error: 2 plat 21 at (264): Unexpected identifier "f". Expected one of: ',' ')'
  insize=9567 outsize=4398 ok=0
Cmd: preprocess
  insize=6884 outsize=306 ok=1
Cmd: preprocess
  insize=11776 outsize=4951 ok=1
Cmd: compileSnippet
  error: 2 plat 14 at (170): syntax error: unexpected token 'f'\nCompiling Vertex program
Platform defines: UNITY_ENABLE_REFLECTION_BUFFERS UNITY_USE_DITHER_MASK_FOR_ALPHABLENDED_SHADOWS UNITY_PBS_USE_BRDF1 UNITY_SPECCUBE_BOX_PROJECTION UNITY_SPECCUBE_BLENDING UNITY_ENABLE_DETAIL_NORMALMAP SHADER_API_DESKTOP UNITY_COLORSPACE_GAMMA UNITY_LIGHT_PROBE_PROXY_VOLUME UNITY_LIGHTMAP_RGBM_ENCODING
  error: 2 plat 14 at (176): syntax error: unexpected token '}'\nCompiling Vertex program
Platform defines: UNITY_ENABLE_REFLECTION_BUFFERS UNITY_USE_DITHER_MASK_FOR_ALPHABLENDED_SHADOWS UNITY_PBS_USE_BRDF1 UNITY_SPECCUBE_BOX_PROJECTION UNITY_SPECCUBE_BLENDING UNITY_ENABLE_DETAIL_NORMALMAP SHADER_API_DESKTOP UNITY_COLORSPACE_GAMMA UNITY_LIGHT_PROBE_PROXY_VOLUME UNITY_LIGHTMAP_RGBM_ENCODING
  api=14 type=0 insize=3230 outsize=0 kw= pd=UNITY_ENABLE_REFLECTION_BUFFERS UNITY_USE_DITHER_MASK_FOR_ALPHABLENDED_SHADOWS UNITY_PBS_USE_BRDF1 UNITY_SPECCUBE_BOX_PROJECTION UNITY_SPECCUBE_BLENDING UNITY_ENABLE_DETAIL_NORMALMAP SHADER_API_DESKTOP UNITY_COLORSPACE_GAMMA UNITY_LIGHT_PROBE_PROXY_VOLUME UNITY_LIGHTMAP_RGBM_ENCODING ok=0
Cmd: preprocess
  insize=4611 outsize=574 ok=1
Cmd: preprocess
  insize=5962 outsize=4084 ok=1
Cmd: compileSnippet
  error: 2 plat 14 at (108): 'vert': function return value missing semantics\nCompiling Vertex program
Platform defines: UNITY_ENABLE_REFLECTION_BUFFERS UNITY_USE_DITHER_MASK_FOR_ALPHABLENDED_SHADOWS UNITY_PBS_USE_BRDF1 UNITY_SPECCUBE_BOX_PROJECTION UNITY_SPECCUBE_BLENDING UNITY_ENABLE_DETAIL_NORMALMAP SHADER_API_DESKTOP UNITY_COLORSPACE_GAMMA UNITY_LIGHT_PROBE_PROXY_VOLUME UNITY_LIGHTMAP_RGBM_ENCODING
  api=14 type=0 insize=2321 outsize=0 kw= pd=UNITY_ENABLE_REFLECTION_BUFFERS UNITY_USE_DITHER_MASK_FOR_ALPHABLENDED_SHADOWS UNITY_PBS_USE_BRDF1 UNITY_SPECCUBE_BOX_PROJECTION UNITY_SPECCUBE_BLENDING UNITY_ENABLE_DETAIL_NORMALMAP SHADER_API_DESKTOP UNITY_COLORSPACE_GAMMA UNITY_LIGHT_PROBE_PROXY_VOLUME UNITY_LIGHTMAP_RGBM_ENCODING ok=0
Cmd: preprocess
  insize=1588 outsize=994 ok=1
Cmd: preprocess
  insize=5007 outsize=1017 ok=1
Cmd: preprocess
  insize=56500 outsize=56500 ok=1
Cmd: preprocess
  insize=5835 outsize=1226 ok=1
Cmd: preprocess
  insize=861 outsize=356 ok=1
Cmd: preprocess
  insize=721 outsize=285 ok=1
Cmd: preprocess
  insize=3569 outsize=3569 ok=1
Cmd: preprocess
  insize=3999 outsize=607 ok=1
Cmd: preprocess
  insize=956 outsize=352 ok=1
Cmd: preprocess
  insize=677 outsize=677 ok=1
Cmd: preprocess
  insize=1422 outsize=348 ok=1
Cmd: preprocess
  insize=2225 outsize=1002 ok=1
Cmd: preprocess
  insize=59520 outsize=59520 ok=1
Cmd: preprocess
  insize=19623 outsize=4837 ok=1
Cmd: preprocess
  insize=6044 outsize=781 ok=1
Cmd: preprocess
  insize=1163 outsize=541 ok=1
Cmd: preprocess
  insize=1296 outsize=441 ok=1
Cmd: preprocess
  insize=657 outsize=311 ok=1
Cmd: preprocess
  insize=807 outsize=366 ok=1
Cmd: preprocess
  insize=3542 outsize=4399 ok=1
Cmd: preprocess
  insize=1810 outsize=735 ok=1
Cmd: compileSnippet
  error: 2 plat 14 at (108): 'vert': function return value missing semantics\nCompiling Vertex program
Platform defines: UNITY_ENABLE_REFLECTION_BUFFERS UNITY_USE_DITHER_MASK_FOR_ALPHABLENDED_SHADOWS UNITY_PBS_USE_BRDF1 UNITY_SPECCUBE_BOX_PROJECTION UNITY_SPECCUBE_BLENDING UNITY_ENABLE_DETAIL_NORMALMAP SHADER_API_DESKTOP UNITY_COLORSPACE_GAMMA UNITY_LIGHT_PROBE_PROXY_VOLUME UNITY_LIGHTMAP_RGBM_ENCODING
  api=14 type=0 insize=2321 outsize=0 kw= pd=UNITY_ENABLE_REFLECTION_BUFFERS UNITY_USE_DITHER_MASK_FOR_ALPHABLENDED_SHADOWS UNITY_PBS_USE_BRDF1 UNITY_SPECCUBE_BOX_PROJECTION UNITY_SPECCUBE_BLENDING UNITY_ENABLE_DETAIL_NORMALMAP SHADER_API_DESKTOP UNITY_COLORSPACE_GAMMA UNITY_LIGHT_PROBE_PROXY_VOLUME UNITY_LIGHTMAP_RGBM_ENCODING ok=0
Cmd: compileSnippet
  error: 2 plat 14 at (124): 'frag': input parameter 'i' missing semantics\nCompiling Fragment program
Platform defines: UNITY_ENABLE_REFLECTION_BUFFERS UNITY_USE_DITHER_MASK_FOR_ALPHABLENDED_SHADOWS UNITY_PBS_USE_BRDF1 UNITY_SPECCUBE_BOX_PROJECTION UNITY_SPECCUBE_BLENDING UNITY_ENABLE_DETAIL_NORMALMAP SHADER_API_DESKTOP UNITY_COLORSPACE_GAMMA UNITY_LIGHT_PROBE_PROXY_VOLUME UNITY_LIGHTMAP_RGBM_ENCODING
  api=14 type=1 insize=2321 outsize=0 kw= pd=UNITY_ENABLE_REFLECTION_BUFFERS UNITY_USE_DITHER_MASK_FOR_ALPHABLENDED_SHADOWS UNITY_PBS_USE_BRDF1 UNITY_SPECCUBE_BOX_PROJECTION UNITY_SPECCUBE_BLENDING UNITY_ENABLE_DETAIL_NORMALMAP SHADER_API_DESKTOP UNITY_COLORSPACE_GAMMA UNITY_LIGHT_PROBE_PROXY_VOLUME UNITY_LIGHTMAP_RGBM_ENCODING ok=0
Cmd: compileSnippet
  error: 2 plat 14 at (132): 'tempcolor': local variables cannot have semantics\nCompiling Vertex program
Platform defines: UNITY_ENABLE_REFLECTION_BUFFERS UNITY_USE_DITHER_MASK_FOR_ALPHABLENDED_SHADOWS UNITY_PBS_USE_BRDF1 UNITY_SPECCUBE_BOX_PROJECTION UNITY_SPECCUBE_BLENDING UNITY_ENABLE_DETAIL_NORMALMAP SHADER_API_DESKTOP UNITY_COLORSPACE_GAMMA UNITY_LIGHT_PROBE_PROXY_VOLUME UNITY_LIGHTMAP_RGBM_ENCODING
  api=14 type=0 insize=3254 outsize=0 kw= pd=UNITY_ENABLE_REFLECTION_BUFFERS UNITY_USE_DITHER_MASK_FOR_ALPHABLENDED_SHADOWS UNITY_PBS_USE_BRDF1 UNITY_SPECCUBE_BOX_PROJECTION UNITY_SPECCUBE_BLENDING UNITY_ENABLE_DETAIL_NORMALMAP SHADER_API_DESKTOP UNITY_COLORSPACE_GAMMA UNITY_LIGHT_PROBE_PROXY_VOLUME UNITY_LIGHTMAP_RGBM_ENCODING ok=0
Cmd: compileSnippet
  error: 2 plat 14 at (132): 'tempcolor': local variables cannot have semantics\nCompiling Fragment program
Platform defines: UNITY_ENABLE_REFLECTION_BUFFERS UNITY_USE_DITHER_MASK_FOR_ALPHABLENDED_SHADOWS UNITY_PBS_USE_BRDF1 UNITY_SPECCUBE_BOX_PROJECTION UNITY_SPECCUBE_BLENDING UNITY_ENABLE_DETAIL_NORMALMAP SHADER_API_DESKTOP UNITY_COLORSPACE_GAMMA UNITY_LIGHT_PROBE_PROXY_VOLUME UNITY_LIGHTMAP_RGBM_ENCODING
  api=14 type=1 insize=3254 outsize=0 kw= pd=UNITY_ENABLE_REFLECTION_BUFFERS UNITY_USE_DITHER_MASK_FOR_ALPHABLENDED_SHADOWS UNITY_PBS_USE_BRDF1 UNITY_SPECCUBE_BOX_PROJECTION UNITY_SPECCUBE_BLENDING UNITY_ENABLE_DETAIL_NORMALMAP SHADER_API_DESKTOP UNITY_COLORSPACE_GAMMA UNITY_LIGHT_PROBE_PROXY_VOLUME UNITY_LIGHTMAP_RGBM_ENCODING ok=0
Cmd: preprocess
  insize=9278 outsize=2053 ok=1
Cmd: preprocess
  insize=11359 outsize=706 ok=1
Cmd: preprocess
  insize=1292 outsize=478 ok=1
Cmd: preprocess
  insize=8733 outsize=728 ok=1
Cmd: preprocess
  insize=1768 outsize=404 ok=1
Cmd: preprocess
  insize=1002 outsize=406 ok=1
Cmd: preprocess
  insize=1089 outsize=367 ok=1
Cmd: preprocess
  insize=1374 outsize=463 ok=1
Cmd: preprocess
  insize=3645 outsize=699 ok=1
Cmd: preprocess
  insize=1587 outsize=993 ok=1
Cmd: preprocess
  insize=1266 outsize=348 ok=1
Cmd: preprocess
  insize=1318 outsize=461 ok=1
Cmd: preprocess
  insize=6632 outsize=721 ok=1
Cmd: preprocess
  insize=1256 outsize=366 ok=1
Cmd: preprocess
  insize=2718 outsize=729 ok=1
Cmd: preprocess
  insize=1051 outsize=357 ok=1
Cmd: preprocess
  insize=1287 outsize=308 ok=1
Cmd: preprocess
  insize=1460 outsize=435 ok=1
Cmd: preprocess
  insize=1792 outsize=780 ok=1
Cmd: preprocess
  insize=10742 outsize=4743 ok=1
Cmd: compileSnippet
  error: 2 plat 14 at (179): undeclared identifier 'fract'\nCompiling Vertex program
Platform defines: UNITY_ENABLE_REFLECTION_BUFFERS UNITY_USE_DITHER_MASK_FOR_ALPHABLENDED_SHADOWS UNITY_PBS_USE_BRDF1 UNITY_SPECCUBE_BOX_PROJECTION UNITY_SPECCUBE_BLENDING UNITY_ENABLE_DETAIL_NORMALMAP SHADER_API_DESKTOP UNITY_COLORSPACE_GAMMA UNITY_LIGHT_PROBE_PROXY_VOLUME UNITY_LIGHTMAP_RGBM_ENCODING
  api=14 type=0 insize=6442 outsize=0 kw= pd=UNITY_ENABLE_REFLECTION_BUFFERS UNITY_USE_DITHER_MASK_FOR_ALPHABLENDED_SHADOWS UNITY_PBS_USE_BRDF1 UNITY_SPECCUBE_BOX_PROJECTION UNITY_SPECCUBE_BLENDING UNITY_ENABLE_DETAIL_NORMALMAP SHADER_API_DESKTOP UNITY_COLORSPACE_GAMMA UNITY_LIGHT_PROBE_PROXY_VOLUME UNITY_LIGHTMAP_RGBM_ENCODING ok=0
Cmd: preprocess
  insize=1486 outsize=398 ok=1
Cmd: preprocess
  insize=1351 outsize=381 ok=1
Cmd: preprocess
  insize=2389 outsize=696 ok=1
Cmd: preprocess
  insize=1048 outsize=323 ok=1
Cmd: preprocess
  insize=1696 outsize=1027 ok=1
Cmd: preprocess
  insize=32719 outsize=325 ok=1
Cmd: preprocess
  insize=1299 outsize=311 ok=1
Cmd: preprocess
  insize=3684 outsize=660 ok=1
Cmd: preprocess
  insize=1083 outsize=301 ok=1
Cmd: preprocess
  insize=5439 outsize=1532 ok=1
Cmd: preprocess
  insize=6647 outsize=3836 ok=1
Cmd: compileSnippet
  error: 2 plat 14 at (132): 'tempcolor': local variables cannot have semantics\nCompiling Vertex program
Platform defines: UNITY_ENABLE_REFLECTION_BUFFERS UNITY_USE_DITHER_MASK_FOR_ALPHABLENDED_SHADOWS UNITY_PBS_USE_BRDF1 UNITY_SPECCUBE_BOX_PROJECTION UNITY_SPECCUBE_BLENDING UNITY_ENABLE_DETAIL_NORMALMAP SHADER_API_DESKTOP UNITY_COLORSPACE_GAMMA UNITY_LIGHT_PROBE_PROXY_VOLUME UNITY_LIGHTMAP_RGBM_ENCODING
  api=14 type=0 insize=3254 outsize=0 kw= pd=UNITY_ENABLE_REFLECTION_BUFFERS UNITY_USE_DITHER_MASK_FOR_ALPHABLENDED_SHADOWS UNITY_PBS_USE_BRDF1 UNITY_SPECCUBE_BOX_PROJECTION UNITY_SPECCUBE_BLENDING UNITY_ENABLE_DETAIL_NORMALMAP SHADER_API_DESKTOP UNITY_COLORSPACE_GAMMA UNITY_LIGHT_PROBE_PROXY_VOLUME UNITY_LIGHTMAP_RGBM_ENCODING ok=0
Cmd: preprocess
  insize=11503 outsize=1778 ok=1
Cmd: preprocess
  insize=1121 outsize=410 ok=1
Cmd: preprocess
  insize=4867 outsize=4039 ok=1
Cmd: preprocess
  insize=6372 outsize=677 ok=1
Cmd: preprocess
  insize=2915 outsize=706 ok=1
Cmd: preprocess
  insize=8273 outsize=932 ok=1
Cmd: preprocess
  insize=1060 outsize=490 ok=1
Cmd: preprocess
  insize=13894 outsize=2325 ok=1
Cmd: preprocess
  insize=2033 outsize=510 ok=1
Cmd: preprocess
  insize=2092 outsize=1302 ok=1
Cmd: preprocess
  insize=1775 outsize=354 ok=1
Cmd: preprocess
  insize=27352 outsize=4044 ok=1
Cmd: preprocess
  insize=4189 outsize=541 ok=1
Cmd: preprocess
  insize=9044 outsize=5586 ok=1
Cmd: compileSnippet
  error: 2 plat 14 at (142): 'tex2Dproj': no matching 2 parameter intrinsic function; Possible intrinsic functions are: tex2Dproj(sampler2D, float4|half4|min10float4|min16float4)\nCompiling Vertex program with WATER_REFRACTIVE
Platform defines: UNITY_ENABLE_REFLECTION_BUFFERS UNITY_USE_DITHER_MASK_FOR_ALPHABLENDED_SHADOWS UNITY_PBS_USE_BRDF1 UNITY_SPECCUBE_BOX_PROJECTION UNITY_SPECCUBE_BLENDING UNITY_ENABLE_DETAIL_NORMALMAP SHADER_API_DESKTOP UNITY_COLORSPACE_GAMMA UNITY_LIGHT_PROBE_PROXY_VOLUME UNITY_LIGHTMAP_RGBM_ENCODING
  api=14 type=0 insize=3901 outsize=0 kw=WATER_REFRACTIVE pd=UNITY_ENABLE_REFLECTION_BUFFERS UNITY_USE_DITHER_MASK_FOR_ALPHABLENDED_SHADOWS UNITY_PBS_USE_BRDF1 UNITY_SPECCUBE_BOX_PROJECTION UNITY_SPECCUBE_BLENDING UNITY_ENABLE_DETAIL_NORMALMAP SHADER_API_DESKTOP UNITY_COLORSPACE_GAMMA UNITY_LIGHT_PROBE_PROXY_VOLUME UNITY_LIGHTMAP_RGBM_ENCODING ok=0
Cmd: preprocess
  insize=2357 outsize=1244 ok=1
Cmd: preprocess
  insize=1820 outsize=349 ok=1
Cmd: preprocess
  insize=1109 outsize=403 ok=1
Cmd: preprocess
  insize=1206 outsize=477 ok=1
Cmd: preprocess
  insize=5919 outsize=797 ok=1
Cmd: preprocess
  insize=5713 outsize=683 ok=1
Cmd: preprocess
  insize=32729 outsize=325 ok=1
Cmd: preprocess
  insize=1808 outsize=1059 ok=1
Cmd: preprocess
  insize=5232 outsize=1792 ok=1
Cmd: preprocess
  error: 2 plat 21 at (264): Unexpected identifier "f". Expected one of: ',' ')'
  insize=9567 outsize=4398 ok=0
Cmd: preprocess
  insize=6884 outsize=306 ok=1
Cmd: preprocess
  insize=11776 outsize=4951 ok=1
Cmd: compileSnippet
  error: 2 plat 14 at (170): syntax error: unexpected token 'f'\nCompiling Vertex program
Platform defines: UNITY_ENABLE_REFLECTION_BUFFERS UNITY_USE_DITHER_MASK_FOR_ALPHABLENDED_SHADOWS UNITY_PBS_USE_BRDF1 UNITY_SPECCUBE_BOX_PROJECTION UNITY_SPECCUBE_BLENDING UNITY_ENABLE_DETAIL_NORMALMAP SHADER_API_DESKTOP UNITY_COLORSPACE_GAMMA UNITY_LIGHT_PROBE_PROXY_VOLUME UNITY_LIGHTMAP_RGBM_ENCODING
  error: 2 plat 14 at (176): syntax error: unexpected token '}'\nCompiling Vertex program
Platform defines: UNITY_ENABLE_REFLECTION_BUFFERS UNITY_USE_DITHER_MASK_FOR_ALPHABLENDED_SHADOWS UNITY_PBS_USE_BRDF1 UNITY_SPECCUBE_BOX_PROJECTION UNITY_SPECCUBE_BLENDING UNITY_ENABLE_DETAIL_NORMALMAP SHADER_API_DESKTOP UNITY_COLORSPACE_GAMMA UNITY_LIGHT_PROBE_PROXY_VOLUME UNITY_LIGHTMAP_RGBM_ENCODING
  api=14 type=0 insize=3230 outsize=0 kw= pd=UNITY_ENABLE_REFLECTION_BUFFERS UNITY_USE_DITHER_MASK_FOR_ALPHABLENDED_SHADOWS UNITY_PBS_USE_BRDF1 UNITY_SPECCUBE_BOX_PROJECTION UNITY_SPECCUBE_BLENDING UNITY_ENABLE_DETAIL_NORMALMAP SHADER_API_DESKTOP UNITY_COLORSPACE_GAMMA UNITY_LIGHT_PROBE_PROXY_VOLUME UNITY_LIGHTMAP_RGBM_ENCODING ok=0
Cmd: preprocess
  insize=4611 outsize=574 ok=1
Cmd: preprocess
  insize=5962 outsize=4084 ok=1
Cmd: compileSnippet
  error: 2 plat 14 at (108): 'vert': function return value missing semantics\nCompiling Vertex program
Platform defines: UNITY_ENABLE_REFLECTION_BUFFERS UNITY_USE_DITHER_MASK_FOR_ALPHABLENDED_SHADOWS UNITY_PBS_USE_BRDF1 UNITY_SPECCUBE_BOX_PROJECTION UNITY_SPECCUBE_BLENDING UNITY_ENABLE_DETAIL_NORMALMAP SHADER_API_DESKTOP UNITY_COLORSPACE_GAMMA UNITY_LIGHT_PROBE_PROXY_VOLUME UNITY_LIGHTMAP_RGBM_ENCODING
  api=14 type=0 insize=2321 outsize=0 kw= pd=UNITY_ENABLE_REFLECTION_BUFFERS UNITY_USE_DITHER_MASK_FOR_ALPHABLENDED_SHADOWS UNITY_PBS_USE_BRDF1 UNITY_SPECCUBE_BOX_PROJECTION UNITY_SPECCUBE_BLENDING UNITY_ENABLE_DETAIL_NORMALMAP SHADER_API_DESKTOP UNITY_COLORSPACE_GAMMA UNITY_LIGHT_PROBE_PROXY_VOLUME UNITY_LIGHTMAP_RGBM_ENCODING ok=0
Cmd: preprocess
  insize=1588 outsize=994 ok=1
Cmd: preprocess
  insize=5007 outsize=1017 ok=1
Cmd: preprocess
  insize=5835 outsize=1226 ok=1
Cmd: preprocess
  insize=861 outsize=356 ok=1
Cmd: preprocess
  insize=3999 outsize=607 ok=1
Cmd: preprocess
  insize=956 outsize=352 ok=1
Cmd: preprocess
  insize=1422 outsize=348 ok=1
Cmd: preprocess
  insize=2225 outsize=1002 ok=1
Cmd: preprocess
  insize=6044 outsize=781 ok=1
Cmd: preprocess
  insize=1163 outsize=541 ok=1
Cmd: preprocess
  insize=1296 outsize=441 ok=1
Cmd: preprocess
  insize=657 outsize=311 ok=1
Cmd: preprocess
  insize=807 outsize=366 ok=1
Cmd: preprocess
  insize=1810 outsize=735 ok=1
